<?xml version="1.0" encoding="UTF-8"?>
<testsuite name="ru.otus.okb.dsl.DSLTest" tests="1" skipped="0" failures="0" errors="0" timestamp="2022-03-02T14:40:03" hostname="DESKTOP-6FTQTUB" time="0.029">
  <properties/>
  <testcase name="DSLTest" classname="ru.otus.okb.dsl.DSLTest" time="0.029"/>
  <system-out><![CDATA[]]></system-out>
  <system-err><![CDATA[]]></system-err>
</testsuite>
